<?xml version="1.0" encoding="UTF-8"?>
<!-- Generated by org.testng.reporters.JUnitXMLReporter -->
<testsuite ignored="2" hostname="PREDATOR" failures="1" tests="29" name="ExtentReporting" time="337.426" errors="0" timestamp="2025-04-05T22:42:44 IST">
  <testcase classname="expandTestingSeleniumPractice.A_WebInputPractice" name="provideData" time="2.45"/>
  <testcase classname="expandTestingSeleniumPractice.B_LoginPage" name="UserLogin" time="5.85"/>
  <testcase classname="expandTestingSeleniumPractice.C_RegistrationPractice" name="UserRegistration" time="4.773"/>
  <testcase classname="expandTestingSeleniumPractice.D_DynamicTable" name="DynamicTableHandle" time="3.503"/>
  <testcase classname="expandTestingSeleniumPractice.F_AboutPage" name="SendEmailToDev" time="9.043"/>
  <testcase classname="expandTestingSeleniumPractice.G_BrowserInformation" name="GetBrowserDetails" time="3.169"/>
  <testcase classname="expandTestingSeleniumPractice.H_RadioButtons" name="DefaultValue" time="5.077"/>
  <testcase classname="expandTestingSeleniumPractice.H_RadioButtons" name="FavSportColour" time="2.986"/>
  <testcase classname="expandTestingSeleniumPractice.I_DragDrop" name="DragDrop" time="4.95"/>
  <testcase classname="expandTestingSeleniumPractice.J_DragDrapInContainer" name="DragDrop" time="5.385"/>
  <testcase classname="expandTestingSeleniumPractice.K_FormValidation" name="FormFill" time="6.15"/>
  <testcase classname="expandTestingSeleniumPractice.L_FileUpload" name="UploadWithSendKey" time="5.678">
    <failure type="org.openqa.selenium.StaleElementReferenceException" message="stale element reference: stale element not found
  (Session info: MicrosoftEdge=134.0.3124.93)
For documentation on this error, please visit: https://www.selenium.dev/documentation/webdriver/troubleshooting/errors#stale-element-reference-exception
Build info: version: &amp;apos;4.28.1&amp;apos;, revision: &amp;apos;73f5ad48a2&amp;apos;
System info: os.name: &amp;apos;Windows 10&amp;apos;, os.arch: &amp;apos;amd64&amp;apos;, os.version: &amp;apos;10.0&amp;apos;, java.version: &amp;apos;18.0.1.1&amp;apos;
Driver info: org.openqa.selenium.edge.EdgeDriver
Command: [57a1f6a8c143c1d56fc1017e83cd55e1, getElementText {id=f.0F3584B6829708371AC753CAE4DF3CAF.d.9A257DAA4EDD56389E60397707B3EAC6.e.20}]
Capabilities {acceptInsecureCerts: false, browserName: MicrosoftEdge, browserVersion: 134.0.3124.93, fedcm:accounts: true, ms:edgeOptions: {debuggerAddress: localhost:50158}, msedge: {msedgedriverVersion: 134.0.3124.93 (a9facff5fd6c..., userDataDir: C:\Users\SHUBHA~1\AppData\L...}, networkConnectionEnabled: false, pageLoadStrategy: normal, platformName: windows, proxy: Proxy(), se:cdp: ws://localhost:50158/devtoo..., se:cdpVersion: 134.0.3124.93, setWindowRect: true, strictFileInteractability: false, timeouts: {implicit: 0, pageLoad: 300000, script: 30000}, unhandledPromptBehavior: dismiss and notify, webauthn:extension:credBlob: true, webauthn:extension:largeBlob: true, webauthn:extension:minPinLength: true, webauthn:extension:prf: true, webauthn:virtualAuthenticators: true}
Element: [[EdgeDriver: MicrosoftEdge on windows (57a1f6a8c143c1d56fc1017e83cd55e1)] -&amp;gt; xpath: //div[@class=&amp;apos;container&amp;apos;]/h1]
Session ID: 57a1f6a8c143c1d56fc1017e83cd55e1">
      <![CDATA[org.openqa.selenium.StaleElementReferenceException: stale element reference: stale element not found
  (Session info: MicrosoftEdge=134.0.3124.93)
For documentation on this error, please visit: https://www.selenium.dev/documentation/webdriver/troubleshooting/errors#stale-element-reference-exception
Build info: version: '4.28.1', revision: '73f5ad48a2'
System info: os.name: 'Windows 10', os.arch: 'amd64', os.version: '10.0', java.version: '18.0.1.1'
Driver info: org.openqa.selenium.edge.EdgeDriver
Command: [57a1f6a8c143c1d56fc1017e83cd55e1, getElementText {id=f.0F3584B6829708371AC753CAE4DF3CAF.d.9A257DAA4EDD56389E60397707B3EAC6.e.20}]
Capabilities {acceptInsecureCerts: false, browserName: MicrosoftEdge, browserVersion: 134.0.3124.93, fedcm:accounts: true, ms:edgeOptions: {debuggerAddress: localhost:50158}, msedge: {msedgedriverVersion: 134.0.3124.93 (a9facff5fd6c..., userDataDir: C:\Users\SHUBHA~1\AppData\L...}, networkConnectionEnabled: false, pageLoadStrategy: normal, platformName: windows, proxy: Proxy(), se:cdp: ws://localhost:50158/devtoo..., se:cdpVersion: 134.0.3124.93, setWindowRect: true, strictFileInteractability: false, timeouts: {implicit: 0, pageLoad: 300000, script: 30000}, unhandledPromptBehavior: dismiss and notify, webauthn:extension:credBlob: true, webauthn:extension:largeBlob: true, webauthn:extension:minPinLength: true, webauthn:extension:prf: true, webauthn:virtualAuthenticators: true}
Element: [[EdgeDriver: MicrosoftEdge on windows (57a1f6a8c143c1d56fc1017e83cd55e1)] -> xpath: //div[@class='container']/h1]
Session ID: 57a1f6a8c143c1d56fc1017e83cd55e1
at org.openqa.selenium.remote.ErrorCodec.decode(ErrorCodec.java:167)
at org.openqa.selenium.remote.codec.w3c.W3CHttpResponseCodec.decode(W3CHttpResponseCodec.java:138)
at org.openqa.selenium.remote.codec.w3c.W3CHttpResponseCodec.decode(W3CHttpResponseCodec.java:50)
at org.openqa.selenium.remote.HttpCommandExecutor.execute(HttpCommandExecutor.java:215)
at org.openqa.selenium.remote.service.DriverCommandExecutor.invokeExecute(DriverCommandExecutor.java:216)
at org.openqa.selenium.remote.service.DriverCommandExecutor.execute(DriverCommandExecutor.java:174)
at org.openqa.selenium.remote.RemoteWebDriver.execute(RemoteWebDriver.java:545)
at org.openqa.selenium.remote.RemoteWebElement.execute(RemoteWebElement.java:223)
at org.openqa.selenium.remote.RemoteWebElement.getText(RemoteWebElement.java:191)
at expandTestingSeleniumPractice.L_FileUpload.UploadWithSendKey(L_FileUpload.java:24)
at java.base/java.util.ArrayList.forEach(ArrayList.java:1511)
... Removed 28 stack frames]]>
    </failure>
  </testcase> <!-- UploadWithSendKey -->
  <testcase classname="expandTestingSeleniumPractice.M_FileDownload" name="DownloadFileAtCustomLocation" time="15.288"/>
  <testcase classname="expandTestingSeleniumPractice.M_FileDownload" name="DownloadFileAtDefaultLocation" time="3.119"/>
  <testcase classname="expandTestingSeleniumPractice.N_SecureFileDownloadAlertHandling" name="AletPopupHandling" time="2.714"/>
  <testcase classname="expandTestingSeleniumPractice.N_SecureFileDownloadAlertHandling" name="ParameterisedURL" time="0.862"/>
  <testcase classname="expandTestingSeleniumPractice.O_NotificationMessage" name="HandlingNotificationMessage" time="12.914"/>
  <testcase classname="expandTestingSeleniumPractice.P_Autocomplete" name="AutoComplete" time="4.101"/>
  <testcase classname="expandTestingSeleniumPractice.Q_Typos" name="FindTypo" time="3.104"/>
  <testcase classname="expandTestingSeleniumPractice.R_SlowResourcesPage" name="snipperTimer" time="11.466"/>
  <testcase classname="expandTestingSeleniumPractice.S_JavaScriptDialogs" name="JsAlert" time="3.684"/>
  <testcase classname="expandTestingSeleniumPractice.S_JavaScriptDialogs" name="JsConfirm" time="3.802"/>
  <testcase classname="expandTestingSeleniumPractice.S_JavaScriptDialogs" name="JsPrompt" time="3.011"/>
  <testcase classname="expandTestingSeleniumPractice.T_JQueryUiMenus" name="DownloadExcel" time="10.688"/>
  <testcase classname="expandTestingSeleniumPractice.U_ContextMenus" name="ContextClick" time="3.97"/>
  <testcase classname="expandTestingSeleniumPractice.V_KeyPresses" name="KeyPress" time="3.612"/>
  <testcase classname="expandTestingSeleniumPractice.W_Geolocation" name="GetLocation" time="3.693"/>
  <testcase classname="expandTestingSeleniumPractice.Y_MouseHover" name="MouseAction" time="5.074"/>
  <testcase classname="expandTestingSeleniumPractice.ZA_Tooltips" name="GetTooltips" time="2.427"/>
  <testcase classname="expandTestingSeleniumPractice.X_HorizontalSlider" name="HorizontalStepSlider" time="0.0">
    <ignored/>
  </testcase> <!-- HorizontalStepSlider -->
  <testcase classname="expandTestingSeleniumPractice.X_HorizontalSlider" name="HorizontalSlider" time="0.0">
    <ignored/>
  </testcase> <!-- HorizontalSlider -->
</testsuite> <!-- ExtentReporting -->
