<?xml version="1.0" encoding="UTF-8"?>
<!-- Generated by org.testng.reporters.JUnitXMLReporter -->
<testsuite ignored="0" hostname="PREDATOR" failures="0" tests="3" name="Default test" time="0.301" errors="0" timestamp="2025-07-30T23:28:20 IST">
  <testcase classname="testDataSetupTestNG.TestNGDataProviderJSON" name="PrintJSONData" time="0.008"/>
  <testcase classname="testDataSetupTestNG.TestNGDataProviderJSON" name="PrintJSONData" time="0.001"/>
  <testcase classname="testDataSetupTestNG.TestNGDataProviderJSON" name="PrintJSONData" time="0.001"/>
</testsuite> <!-- Default test -->
