<?xml version="1.0" encoding="UTF-8"?>
<!-- Generated by org.testng.reporters.JUnitXMLReporter -->
<testsuite ignored="0" hostname="PREDATOR" failures="0" tests="6" name="Default test" time="38.637" errors="0" timestamp="2025-08-01T22:57:45 IST">
  <testcase classname="jQuerySeleniumPractice.Interactions_Selectable" name="SelectAll" time="1.786"/>
  <testcase classname="jQuerySeleniumPractice.Interactions_Selectable" name="SelectOne" time="5.682"/>
  <testcase classname="jQuerySeleniumPractice.Interactions_Resizable" name="Resizable" time="2.609"/>
  <testcase classname="jQuerySeleniumPractice.Interactions_Sortable" name="Sort" time="2.284"/>
  <testcase classname="jQuerySeleniumPractice.Interactions_Droppable" name="Droppable" time="1.87"/>
  <testcase classname="jQuerySeleniumPractice.Interactions_Draggable" name="DragAround" time="2.638"/>
</testsuite> <!-- Default test -->
