<?xml version="1.0" encoding="UTF-8"?>
<!-- Generated by org.testng.reporters.JUnitXMLReporter -->
<testsuite ignored="2" hostname="PREDATOR" failures="1" tests="2" name="TestNGRun" time="5.944" errors="0" timestamp="2025-04-05T22:11:30 IST">
  <testcase classname="advanceSelenium.AddExtensiton" name="AddExtensionInAutomatedBrowser" time="5.685"/>
  <testcase classname="advanceSelenium.AddExtensiton" name="AddExtensionInAutomatedBrowser" time="5.703">
    <failure type="java.lang.NullPointerException" message="Cannot invoke &amp;quot;org.openqa.selenium.TakesScreenshot.getScreenshotAs(org.openqa.selenium.OutputType)&amp;quot; because &amp;quot;ts&amp;quot; is null">
      <![CDATA[java.lang.NullPointerException: Cannot invoke "org.openqa.selenium.TakesScreenshot.getScreenshotAs(org.openqa.selenium.OutputType)" because "ts" is null
at expandTestingSeleniumPractice.BaseTest.TakeScreenshot(BaseTest.java:52)
at extentReporter.Listener.addScreenShotInReport(Listener.java:49)
at extentReporter.Listener.onTestSuccess(Listener.java:35)
at java.base/java.util.ArrayList.forEach(ArrayList.java:1511)
at java.base/java.util.concurrent.FutureTask.run(FutureTask.java:264)
at java.base/java.util.concurrent.ThreadPoolExecutor.runWorker(ThreadPoolExecutor.java:1136)
at java.base/java.util.concurrent.ThreadPoolExecutor$Worker.run(ThreadPoolExecutor.java:635)
at java.base/java.lang.Thread.run(Thread.java:833)
... Removed 14 stack frames]]>
    </failure>
  </testcase> <!-- AddExtensionInAutomatedBrowser -->
  <testcase classname="expandTestingSeleniumPractice.X_HorizontalSlider" name="HorizontalStepSlider" time="0.0">
    <ignored/>
  </testcase> <!-- HorizontalStepSlider -->
  <testcase classname="expandTestingSeleniumPractice.X_HorizontalSlider" name="HorizontalSlider" time="0.0">
    <ignored/>
  </testcase> <!-- HorizontalSlider -->
</testsuite> <!-- TestNGRun -->
