<?xml version="1.0" encoding="UTF-8"?>
<testng-results ignored="0" total="1" passed="1" failed="0" skipped="0">
  <reporter-output>
  </reporter-output>
  <suite started-at="2025-03-29T17:58:50 IST" name="Default suite" finished-at="2025-03-29T17:59:00 IST" duration-ms="10693">
    <groups>
    </groups>
    <test started-at="2025-03-29T17:58:50 IST" name="Default test" finished-at="2025-03-29T17:59:00 IST" duration-ms="10693">
      <class name="expandTestingSeleniumPractice.V_KeyPresses">
        <test-method is-config="true" signature="SetUp()[pri:0, instance:expandTestingSeleniumPractice.V_KeyPresses@436813f3]" started-at="2025-03-29T17:58:50 IST" name="SetUp" finished-at="2025-03-29T17:58:51 IST" duration-ms="1436" status="PASS">
          <reporter-output>
          </reporter-output>
        </test-method> <!-- SetUp -->
        <test-method signature="KeyPress()[pri:0, instance:expandTestingSeleniumPractice.V_KeyPresses@436813f3]" started-at="2025-03-29T17:58:51 IST" name="KeyPress" finished-at="2025-03-29T17:58:57 IST" duration-ms="5862" status="PASS">
          <reporter-output>
          </reporter-output>
        </test-method> <!-- KeyPress -->
        <test-method is-config="true" signature="TearDown()[pri:0, instance:expandTestingSeleniumPractice.V_KeyPresses@436813f3]" started-at="2025-03-29T17:58:57 IST" name="TearDown" finished-at="2025-03-29T17:59:00 IST" duration-ms="3359" status="PASS">
          <reporter-output>
          </reporter-output>
        </test-method> <!-- TearDown -->
      </class> <!-- expandTestingSeleniumPractice.V_KeyPresses -->
    </test> <!-- Default test -->
  </suite> <!-- Default suite -->
</testng-results>
